Arguments: 
  C:\Program Files\nodejs\node.exe D:\Program Files (x86)\Yarn\bin\yarn.js dev

PATH: 
  C:\Program Files\Common Files\Oracle\Java\javapath;D:\ProgramData\Anaconda3;D:\ProgramData\Anaconda3\Library\mingw-w64\bin;D:\ProgramData\Anaconda3\Library\usr\bin;D:\ProgramData\Anaconda3\Library\bin;D:\ProgramData\Anaconda3\Scripts;C:\Python27\;C:\Python27\Scripts;C:\Program Files (x86)\Common Files\Oracle\Java\javapath;C:\Program Files (x86)\Intel\Intel(R) Management Engine Components\iCLS\;C:\Program Files\Intel\Intel(R) Management Engine Components\iCLS\;C:\WINDOWS\system32;C:\WINDOWS;C:\WINDOWS\System32\Wbem;C:\WINDOWS\System32\WindowsPowerShell\v1.0\;C:\WINDOWS\System32\OpenSSH\;C:\Program Files (x86)\Intel\Intel(R) Management Engine Components\DAL;C:\Program Files\Intel\Intel(R) Management Engine Components\DAL;C:\ProgramData\chocolatey\bin;D:\Program Files\Git\cmd;C:\Program Files\MongoDB\Server\4.2\bin;C:\Users\candychuang\AppData\Roaming\nvm;C:\Program Files\nodejs;C:\Program Files\Go\bin;C:\Program Files\dotnet\;D:\Program Files (x86)\Yarn\bin\;C:\Users\candychuang\AppData\Local\Programs\Python\Python37\Scripts\;C:\Users\candychuang\AppData\Local\Programs\Python\Python37\;C:\Users\candychuang\AppData\Local\Microsoft\WindowsApps;D:\Program Files\fiddler;C:\Program Files\JetBrains\PyCharm 2019.2.3\bin;C:\Users\candychuang\AppData\Local\Programs\Microsoft VS Code\bin;C:\Program Files\Docker Toolbox;C:\Program Files\JetBrains\DataGrip 2020.1.4\bin;C:\Users\candychuang\AppData\Local\.meteor;C:\Users\candychuang\AppData\Local\Microsoft\WindowsApps;C:\Users\candychuang\AppData\Roaming\nvm;C:\Program Files\nodejs;C:\Program Files\@feflowcli\bin;C:\Program Files\@feflowcli\client\bin;C:\Users\candychuang\AppData\Roaming\npm;C:\Users\candychuang\go\bin;C:\Users\candychuang\.dotnet\tools;C:\Users\candychuang\AppData\Local\UGit\app-2.4.0\resources\app\git\cmd;C:\Users\candychuang\AppData\Local\UGit\bin;C:\Users\candychuang\AppData\Local\Yarn\bin

Yarn version: 
  1.22.5

Node version: 
  14.5.0

Platform: 
  win32 x64

Trace: 
  SyntaxError: D:\app\web-framework\package.json: Unexpected token } in JSON at position 130
      at JSON.parse (<anonymous>)
      at D:\Program Files (x86)\Yarn\lib\cli.js:1625:59
      at Generator.next (<anonymous>)
      at step (D:\Program Files (x86)\Yarn\lib\cli.js:310:30)
      at D:\Program Files (x86)\Yarn\lib\cli.js:321:13

npm manifest: 
  {
    "name": "web-framework",
    "version": "1.0.0",
    "description": "",
    "main": "index.js",
    "scripts": {
      "dev": "vite",
    },
    "keywords": [],
    "author": "",
    "license": "ISC"
  }

yarn manifest: 
  No manifest

Lockfile: 
  # THIS IS AN AUTOGENERATED FILE. DO NOT EDIT THIS FILE DIRECTLY.
  # yarn lockfile v1
  
  
  "@ant-design-vue/pro-layout@^1.0.8":
    version "1.0.8"
    resolved "http://mirrors.tencent.com/npm/@ant-design-vue%2fpro-layout/-/pro-layout-1.0.8.tgz#400d7e0cbab08187d017f740533b7a89774b9866"
    integrity sha512-gCno9pktp9ex5fSCOmWoJaEhNXpWt1QcDQwvxBTB9sRsyTvPUoiSS+mc5KxQaUOS4p4xDsyqgM0Y9oFxlZuYsw==
    dependencies:
      ant-design-vue "^1.6.2"
      classnames "^2.2.6"
      insert-css "^2.0.0"
      lodash "^4.17.15"
      omit.js "^1.0.2"
      umi-request "^1.2.11"
      vue-container-query "^0.1.0"
      vue-copy-to-clipboard "^1.0.3"
  
  "@ant-design/colors@^3.1.0":
    version "3.2.2"
    resolved "http://mirrors.tencent.com/npm/@ant-design%2fcolors/-/colors-3.2.2.tgz#5ad43d619e911f3488ebac303d606e66a8423903"
    integrity sha512-YKgNbG2dlzqMhA9NtI3/pbY16m3Yl/EeWBRa+lB1X1YaYxHrxNexiQYCLTWO/uDvAjLFMEDU+zR901waBtMtjQ==
    dependencies:
      tinycolor2 "^1.4.1"
  
  "@ant-design/icons-vue@^2.0.0":
    version "2.0.0"
    resolved "http://mirrors.tencent.com/npm/@ant-design%2ficons-vue/-/icons-vue-2.0.0.tgz#0357f5010a404e9f34a87a4b41b2a08df691dbce"
    integrity sha512-2c0QQE5hL4N48k5NkPG5sdpMl9YnvyNhf0U7YkdZYDlLnspoRU7vIA0UK9eHBs6OpFLcJB6o8eJrIl2ajBskPg==
    dependencies:
      "@ant-design/colors" "^3.1.0"
      babel-runtime "^6.26.0"
  
  "@ant-design/icons@^2.1.1":
    version "2.1.1"
    resolved "http://mirrors.tencent.com/npm/@ant-design%2ficons/-/icons-2.1.1.tgz#7b9c08dffd4f5d41db667d9dbe5e0107d0bd9a4a"
    integrity sha512-jCH+k2Vjlno4YWl6g535nHR09PwCEmTBKAG6VqF+rhkrSPRLfgpU2maagwbZPLjaHuU5Jd1DFQ2KJpQuI6uG8w==
  
  "@simonwep/pickr@~1.7.0":
    version "1.7.4"
    resolved "http://mirrors.tencent.com/npm/@simonwep%2fpickr/-/pickr-1.7.4.tgz#b14fcd945890388b870cd6db4d6c78d531f25141"
    integrity sha512-fq7jgKJT21uWGC1mARBHvvd1JYlEf93o7SuVOB4Lr0x/2UPuNC9Oe9n/GzVeg4oVtqMDfh1wIEJpsdOJEZb+3g==
    dependencies:
      core-js "^3.6.5"
      nanopop "^2.1.0"
  
  add-dom-event-listener@^1.0.2:
    version "1.1.0"
    resolved "http://mirrors.tencent.com/npm/add-dom-event-listener/-/add-dom-event-listener-1.1.0.tgz#6a92db3a0dd0abc254e095c0f1dc14acbbaae310"
    integrity sha512-WCxx1ixHT0GQU9hb0KI/mhgRQhnU+U3GvwY6ZvVjYq8rsihIGoaIOUbY0yMPBxLH5MDtr0kz3fisWGNcbWW7Jw==
    dependencies:
      object-assign "4.x"
  
  ant-design-vue@^1.6.2:
    version "1.7.6"
    resolved "http://mirrors.tencent.com/npm/ant-design-vue/-/ant-design-vue-1.7.6.tgz#976a84ff037c2e5f0586dcd697eafb8cf7983b1e"
    integrity sha512-EOS6g/deT53xHxZDMOxedyBehXSNMGnxdOeQtDksmiRvCBrZs+yoFYoVOe9pmQ8EJ7XQLn8TMReiYbXi78kppA==
    dependencies:
      "@ant-design/icons" "^2.1.1"
      "@ant-design/icons-vue" "^2.0.0"
      "@simonwep/pickr" "~1.7.0"
      add-dom-event-listener "^1.0.2"
      array-tree-filter "^2.1.0"
      async-validator "^3.0.3"
      babel-helper-vue-jsx-merge-props "^2.0.3"
      babel-runtime "6.x"
      classnames "^2.2.5"
      component-classes "^1.2.6"
      dom-align "^1.10.4"
      dom-closest "^0.2.0"
      dom-scroll-into-view "^2.0.0"
      enquire.js "^2.1.6"
      intersperse "^1.0.0"
      is-mobile "^2.2.1"
      is-negative-zero "^2.0.0"
      ismobilejs "^1.0.0"
      json2mq "^0.2.0"
      lodash "^4.17.5"
      moment "^2.21.0"
      mutationobserver-shim "^0.3.2"
      node-emoji "^1.10.0"
      omit.js "^1.0.0"
      raf "^3.4.0"
      resize-observer-polyfill "^1.5.1"
      shallow-equal "^1.0.0"
      shallowequal "^1.0.2"
      vue-ref "^2.0.0"
      warning "^4.0.0"
  
  array-tree-filter@^2.1.0:
    version "2.1.0"
    resolved "http://mirrors.tencent.com/npm/array-tree-filter/-/array-tree-filter-2.1.0.tgz#873ac00fec83749f255ac8dd083814b4f6329190"
    integrity sha512-4ROwICNlNw/Hqa9v+rk5h22KjmzB1JGTMVKP2AKJBOCgb0yL0ASf0+YvCcLNNwquOHNX48jkeZIJ3a+oOQqKcw==
  
  async-validator@^3.0.3:
    version "3.5.2"
    resolved "http://mirrors.tencent.com/npm/async-validator/-/async-validator-3.5.2.tgz#68e866a96824e8b2694ff7a831c1a25c44d5e500"
    integrity sha512-8eLCg00W9pIRZSB781UUX/H6Oskmm8xloZfr09lz5bikRpBVDlJ3hRVuxxP1SxcwsEYfJ4IU8Q19Y8/893r3rQ==
  
  babel-helper-vue-jsx-merge-props@^2.0.3:
    version "2.0.3"
    resolved "http://mirrors.tencent.com/npm/babel-helper-vue-jsx-merge-props/-/babel-helper-vue-jsx-merge-props-2.0.3.tgz#22aebd3b33902328e513293a8e4992b384f9f1b6"
    integrity sha512-gsLiKK7Qrb7zYJNgiXKpXblxbV5ffSwR0f5whkPAaBAR4fhi6bwRZxX9wBlIc5M/v8CCkXUbXZL4N/nSE97cqg==
  
  babel-runtime@6.x, babel-runtime@^6.23.0, babel-runtime@^6.26.0:
    version "6.26.0"
    resolved "http://mirrors.tencent.com/npm/babel-runtime/-/babel-runtime-6.26.0.tgz#965c7058668e82b55d7bfe04ff2337bc8b5647fe"
    integrity sha1-llxwWGaOgrVde/4E/yM3vItWR/4=
    dependencies:
      core-js "^2.4.0"
      regenerator-runtime "^0.11.0"
  
  batch-processor@^1.0.0:
    version "1.0.0"
    resolved "http://mirrors.tencent.com/npm/batch-processor/-/batch-processor-1.0.0.tgz#75c95c32b748e0850d10c2b168f6bdbe9891ace8"
    integrity sha1-dclcMrdI4IUNEMKxaPa9vpiRrOg=
  
  call-bind@^1.0.0:
    version "1.0.2"
    resolved "http://mirrors.tencent.com/npm/call-bind/-/call-bind-1.0.2.tgz#b1d4e89e688119c3c9a903ad30abb2f6a919be3c"
    integrity sha512-7O+FbCihrB5WGbFYesctwmTKae6rOiIzmz1icreWJ+0aA7LJfuqhEso2T9ncpcFtzMQtzXf2QGGueWJGTYsqrA==
    dependencies:
      function-bind "^1.1.1"
      get-intrinsic "^1.0.2"
  
  classnames@^2.2.5, classnames@^2.2.6:
    version "2.3.1"
    resolved "http://mirrors.tencent.com/npm/classnames/-/classnames-2.3.1.tgz#dfcfa3891e306ec1dad105d0e88f4417b8535e8e"
    integrity sha512-OlQdbZ7gLfGarSqxesMesDa5uz7KFbID8Kpq/SxIoNGDqY8lSYs0D+hhtBXhcdB3rcbXArFr7vlHheLk1voeNA==
  
  component-classes@^1.2.6:
    version "1.2.6"
    resolved "http://mirrors.tencent.com/npm/component-classes/-/component-classes-1.2.6.tgz#c642394c3618a4d8b0b8919efccbbd930e5cd691"
    integrity sha1-xkI5TDYYpNiwuJGe/Mu9kw5c1pE=
    dependencies:
      component-indexof "0.0.3"
  
  component-indexof@0.0.3:
    version "0.0.3"
    resolved "http://mirrors.tencent.com/npm/component-indexof/-/component-indexof-0.0.3.tgz#11d091312239eb8f32c8f25ae9cb002ffe8d3c24"
    integrity sha1-EdCRMSI5648yyPJa6csAL/6NPCQ=
  
  container-query-toolkit@^0.1.3:
    version "0.1.3"
    resolved "http://mirrors.tencent.com/npm/container-query-toolkit/-/container-query-toolkit-0.1.3.tgz#79ece9fe491d9187b7051247067f1faac6ce00b0"
    integrity sha512-B1EvYaLzFKz81vgWDm+zL0X7fzFUjlN6lF/RivDeNT4xW9mFsTh1oiC9rtvFFiwG52e3JUmYLXwPpqNBf2AXHA==
  
  copy-to-clipboard@^3.3.1:
    version "3.3.1"
    resolved "http://mirrors.tencent.com/npm/copy-to-clipboard/-/copy-to-clipboard-3.3.1.tgz#115aa1a9998ffab6196f93076ad6da3b913662ae"
    integrity sha512-i13qo6kIHTTpCm8/Wup+0b1mVWETvu2kIMzKoK8FpkLkFxlt0znUAHcMzox+T8sPlqtZXq3CulEjQHsYiGFJUw==
    dependencies:
      toggle-selection "^1.0.6"
  
  core-js@^2.4.0:
    version "2.6.12"
    resolved "http://mirrors.tencent.com/npm/core-js/-/core-js-2.6.12.tgz#d9333dfa7b065e347cc5682219d6f690859cc2ec"
    integrity sha512-Kb2wC0fvsWfQrgk8HU5lW6U/Lcs8+9aaYcy4ZFc6DDlo4nZ7n70dEgE5rtR0oG6ufKDUnrwfWL1mXR5ljDatrQ==
  
  core-js@^3.6.5:
    version "3.15.2"
    resolved "http://mirrors.tencent.com/npm/core-js/-/core-js-3.15.2.tgz#740660d2ff55ef34ce664d7e2455119c5bdd3d61"
    integrity sha512-tKs41J7NJVuaya8DxIOCnl8QuPHx5/ZVbFo1oKgVl1qHFBBrDctzQGtuLjPpRdNTWmKPH6oEvgN/MUID+l485Q==
  
  dom-align@^1.10.4:
    version "1.12.2"
    resolved "http://mirrors.tencent.com/npm/dom-align/-/dom-align-1.12.2.tgz#0f8164ebd0c9c21b0c790310493cd855892acd4b"
    integrity sha512-pHuazgqrsTFrGU2WLDdXxCFabkdQDx72ddkraZNih1KsMcN5qsRSTR9O4VJRlwTPCPb5COYg3LOfiMHHcPInHg==
  
  dom-closest@^0.2.0:
    version "0.2.0"
    resolved "http://mirrors.tencent.com/npm/dom-closest/-/dom-closest-0.2.0.tgz#ebd9f91d1bf22e8d6f477876bbcd3ec90216c0cf"
    integrity sha1-69n5HRvyLo1vR3h2u80+yQIWwM8=
    dependencies:
      dom-matches ">=1.0.1"
  
  dom-matches@>=1.0.1:
    version "2.0.0"
    resolved "http://mirrors.tencent.com/npm/dom-matches/-/dom-matches-2.0.0.tgz#d2728b416a87533980eb089b848d253cf23a758c"
    integrity sha1-0nKLQWqHUzmA6wibhI0lPPI6dYw=
  
  dom-scroll-into-view@^2.0.0:
    version "2.0.1"
    resolved "http://mirrors.tencent.com/npm/dom-scroll-into-view/-/dom-scroll-into-view-2.0.1.tgz#0decc8522801fd8d3f1c6ba355a74d382c5f989b"
    integrity sha512-bvVTQe1lfaUr1oFzZX80ce9KLDlZ3iU+XGNE/bz9HnGdklTieqsbmsLHe+rT2XWqopvL0PckkYqN7ksmm5pe3w==
  
  element-resize-detector@1.1.13:
    version "1.1.13"
    resolved "http://mirrors.tencent.com/npm/element-resize-detector/-/element-resize-detector-1.1.13.tgz#f61907e98a91b1ad215f92790bc15113df68444d"
    integrity sha1-9hkH6YqRsa0hX5J5C8FRE99oRE0=
    dependencies:
      batch-processor "^1.0.0"
  
  encoding@^0.1.11:
    version "0.1.13"
    resolved "http://mirrors.tencent.com/npm/encoding/-/encoding-0.1.13.tgz#56574afdd791f54a8e9b2785c0582a2d26210fa9"
    integrity sha512-ETBauow1T35Y/WZMkio9jiM0Z5xjHHmJ4XmjZOq1l/dXz3lr2sRn87nJy20RupqSh1F2m3HHPSp8ShIPQJrJ3A==
    dependencies:
      iconv-lite "^0.6.2"
  
  enquire.js@^2.1.6:
    version "2.1.6"
    resolved "http://mirrors.tencent.com/npm/enquire.js/-/enquire.js-2.1.6.tgz#3e8780c9b8b835084c3f60e166dbc3c2a3c89814"
    integrity sha1-PoeAybi4NQhMP2DhZtvDwqPImBQ=
  
  function-bind@^1.1.1:
    version "1.1.1"
    resolved "http://mirrors.tencent.com/npm/function-bind/-/function-bind-1.1.1.tgz#a56899d3ea3c9bab874bb9773b7c5ede92f4895d"
    integrity sha512-yIovAzMX49sF8Yl58fSCWJ5svSLuaibPxXQJFLmBObTuCr0Mf1KiPopGM9NiFjiYBCbfaa2Fh6breQ6ANVTI0A==
  
  get-intrinsic@^1.0.2:
    version "1.1.1"
    resolved "http://mirrors.tencent.com/npm/get-intrinsic/-/get-intrinsic-1.1.1.tgz#15f59f376f855c446963948f0d24cd3637b4abc6"
    integrity sha512-kWZrnVM42QCiEA2Ig1bG8zjoIMOgxWwYCEeNdwY6Tv/cOSeGpcoX4pXHfKUxNKVoArnrEr2e9srnAxxGIraS9Q==
    dependencies:
      function-bind "^1.1.1"
      has "^1.0.3"
      has-symbols "^1.0.1"
  
  has-symbols@^1.0.1:
    version "1.0.2"
    resolved "http://mirrors.tencent.com/npm/has-symbols/-/has-symbols-1.0.2.tgz#165d3070c00309752a1236a479331e3ac56f1423"
    integrity sha512-chXa79rL/UC2KlX17jo3vRGz0azaWEx5tGqZg5pO3NUyEJVB17dMruQlzCCOfUvElghKcm5194+BCRvi2Rv/Gw==
  
  has@^1.0.3:
    version "1.0.3"
    resolved "http://mirrors.tencent.com/npm/has/-/has-1.0.3.tgz#722d7cbfc1f6aa8241f16dd814e011e1f41e8796"
    integrity sha512-f2dvO0VU6Oej7RkWJGrehjbzMAjFp5/VKPp5tTpWIV4JHHZK1/BxbFRtf/siA2SWTe09caDmVtYYzWEIbBS4zw==
    dependencies:
      function-bind "^1.1.1"
  
  iconv-lite@^0.6.2:
    version "0.6.3"
    resolved "http://mirrors.tencent.com/npm/iconv-lite/-/iconv-lite-0.6.3.tgz#a52f80bf38da1952eb5c681790719871a1a72501"
    integrity sha512-4fCk79wshMdzMp2rH06qWrJE4iolqLhCUH+OiuIgU++RB0+94NlDL81atO7GX55uUKueo0txHNtvEyI6D7WdMw==
    dependencies:
      safer-buffer ">= 2.1.2 < 3.0.0"
  
  insert-css@^2.0.0:
    version "2.0.0"
    resolved "http://mirrors.tencent.com/npm/insert-css/-/insert-css-2.0.0.tgz#eb5d1097b7542f4c79ea3060d3aee07d053880f4"
    integrity sha1-610Ql7dUL0x56jBg067gfQU4gPQ=
  
  intersperse@^1.0.0:
    version "1.0.0"
    resolved "http://mirrors.tencent.com/npm/intersperse/-/intersperse-1.0.0.tgz#f2561fb1cfef9f5277cc3347a22886b4351a5181"
    integrity sha1-8lYfsc/vn1J3zDNHoiiGtDUaUYE=
  
  is-mobile@^2.2.1:
    version "2.2.2"
    resolved "http://mirrors.tencent.com/npm/is-mobile/-/is-mobile-2.2.2.tgz#f6c9c5d50ee01254ce05e739bdd835f1ed4e9954"
    integrity sha512-wW/SXnYJkTjs++tVK5b6kVITZpAZPtUrt9SF80vvxGiF/Oywal+COk1jlRkiVq15RFNEQKQY31TkV24/1T5cVg==
  
  is-negative-zero@^2.0.0:
    version "2.0.1"
    resolved "http://mirrors.tencent.com/npm/is-negative-zero/-/is-negative-zero-2.0.1.tgz#3de746c18dda2319241a53675908d8f766f11c24"
    integrity sha512-2z6JzQvZRa9A2Y7xC6dQQm4FSTSTNWjKIYYTt4246eMTJmIo0Q+ZyOsU66X8lxK1AbB92dFeglPLrhwpeRKO6w==
  
  is-stream@^1.0.1:
    version "1.1.0"
    resolved "http://mirrors.tencent.com/npm/is-stream/-/is-stream-1.1.0.tgz#12d4a3dd4e68e0b79ceb8dbc84173ae80d91ca44"
    integrity sha1-EtSj3U5o4Lec6428hBc66A2RykQ=
  
  ismobilejs@^1.0.0:
    version "1.1.1"
    resolved "http://mirrors.tencent.com/npm/ismobilejs/-/ismobilejs-1.1.1.tgz#c56ca0ae8e52b24ca0f22ba5ef3215a2ddbbaa0e"
    integrity sha512-VaFW53yt8QO61k2WJui0dHf4SlL8lxBofUuUmwBo0ljPk0Drz2TiuDW4jo3wDcv41qy/SxrJ+VAzJ/qYqsmzRw==
  
  isomorphic-fetch@^2.2.1:
    version "2.2.1"
    resolved "http://mirrors.tencent.com/npm/isomorphic-fetch/-/isomorphic-fetch-2.2.1.tgz#611ae1acf14f5e81f729507472819fe9733558a9"
    integrity sha1-YRrhrPFPXoH3KVB0coGf6XM1WKk=
    dependencies:
      node-fetch "^1.0.1"
      whatwg-fetch ">=0.10.0"
  
  "js-tokens@^3.0.0 || ^4.0.0":
    version "4.0.0"
    resolved "http://mirrors.tencent.com/npm/js-tokens/-/js-tokens-4.0.0.tgz#19203fb59991df98e3a287050d4647cdeaf32499"
    integrity sha512-RdJUflcE3cUzKiMqQgsCu06FPu9UdIJO0beYbPhHN4k6apgJtifcoCtT9bcxOpYBtpD2kCM6Sbzg4CausW/PKQ==
  
  json2mq@^0.2.0:
    version "0.2.0"
    resolved "http://mirrors.tencent.com/npm/json2mq/-/json2mq-0.2.0.tgz#b637bd3ba9eabe122c83e9720483aeb10d2c904a"
    integrity sha1-tje9O6nqvhIsg+lyBIOusQ0skEo=
    dependencies:
      string-convert "^0.2.0"
  
  lodash.toarray@^4.4.0:
    version "4.4.0"
    resolved "http://mirrors.tencent.com/npm/lodash.toarray/-/lodash.toarray-4.4.0.tgz#24c4bfcd6b2fba38bfd0594db1179d8e9b656561"
    integrity sha1-JMS/zWsvuji/0FlNsRedjptlZWE=
  
  lodash@^4.17.15, lodash@^4.17.5:
    version "4.17.21"
    resolved "http://mirrors.tencent.com/npm/lodash/-/lodash-4.17.21.tgz#679591c564c3bffaae8454cf0b3df370c3d6911c"
    integrity sha512-v2kDEe57lecTulaDIuNTPy3Ry4gLGJ6Z1O3vE1krgXZNrsQ+LFTGHVxVjcXPs17LhbZVGedAJv8XZ1tvj5FvSg==
  
  loose-envify@^1.0.0:
    version "1.4.0"
    resolved "http://mirrors.tencent.com/npm/loose-envify/-/loose-envify-1.4.0.tgz#71ee51fa7be4caec1a63839f7e682d8132d30caf"
    integrity sha512-lyuxPGr/Wfhrlem2CL/UcnUc1zcqKAImBDzukY7Y5F/yQiNdko6+fRLevlw1HgMySw7f611UIY408EtxRSoK3Q==
    dependencies:
      js-tokens "^3.0.0 || ^4.0.0"
  
  moment@^2.21.0:
    version "2.29.1"
    resolved "http://mirrors.tencent.com/npm/moment/-/moment-2.29.1.tgz#b2be769fa31940be9eeea6469c075e35006fa3d3"
    integrity sha512-kHmoybcPV8Sqy59DwNDY3Jefr64lK/by/da0ViFcuA4DH0vQg5Q6Ze5VimxkfQNSC+Mls/Kx53s7TjP1RhFEDQ==
  
  mutationobserver-shim@^0.3.2:
    version "0.3.7"
    resolved "http://mirrors.tencent.com/npm/mutationobserver-shim/-/mutationobserver-shim-0.3.7.tgz#8bf633b0c0b0291a1107255ed32c13088a8c5bf3"
    integrity sha512-oRIDTyZQU96nAiz2AQyngwx1e89iApl2hN5AOYwyxLUB47UYsU3Wv9lJWqH5y/QdiYkc5HQLi23ZNB3fELdHcQ==
  
  nanopop@^2.1.0:
    version "2.1.0"
    resolved "http://mirrors.tencent.com/npm/nanopop/-/nanopop-2.1.0.tgz#23476513cee2405888afd2e8a4b54066b70b9e60"
    integrity sha512-jGTwpFRexSH+fxappnGQtN9dspgE2ipa1aOjtR24igG0pv6JCxImIAmrLRHX+zUF5+1wtsFVbKyfP51kIGAVNw==
  
  node-emoji@^1.10.0:
    version "1.10.0"
    resolved "http://mirrors.tencent.com/npm/node-emoji/-/node-emoji-1.10.0.tgz#8886abd25d9c7bb61802a658523d1f8d2a89b2da"
    integrity sha512-Yt3384If5H6BYGVHiHwTL+99OzJKHhgp82S8/dktEK73T26BazdgZ4JZh92xSVtGNJvz9UbXdNAc5hcrXV42vw==
    dependencies:
      lodash.toarray "^4.4.0"
  
  node-fetch@^1.0.1:
    version "1.7.3"
    resolved "http://mirrors.tencent.com/npm/node-fetch/-/node-fetch-1.7.3.tgz#980f6f72d85211a5347c6b2bc18c5b84c3eb47ef"
    integrity sha512-NhZ4CsKx7cYm2vSrBAr2PvFOe6sWDf0UYLRqA6svUYg7+/TSfVAu49jYC4BvQ4Sms9SZgdqGBgroqfDhJdTyKQ==
    dependencies:
      encoding "^0.1.11"
      is-stream "^1.0.1"
  
  object-assign@4.x:
    version "4.1.1"
    resolved "http://mirrors.tencent.com/npm/object-assign/-/object-assign-4.1.1.tgz#2109adc7965887cfc05cbbd442cac8bfbb360863"
    integrity sha1-IQmtx5ZYh8/AXLvUQsrIv7s2CGM=
  
  object-inspect@^1.9.0:
    version "1.11.0"
    resolved "http://mirrors.tencent.com/npm/object-inspect/-/object-inspect-1.11.0.tgz#9dceb146cedd4148a0d9e51ab88d34cf509922b1"
    integrity sha512-jp7ikS6Sd3GxQfZJPyH3cjcbJF6GZPClgdV+EFygjFLQ5FmW/dRUnTd9PQ9k0JhoNDabWFbpF1yCdSWCC6gexg==
  
  omit.js@^1.0.0, omit.js@^1.0.2:
    version "1.0.2"
    resolved "http://mirrors.tencent.com/npm/omit.js/-/omit.js-1.0.2.tgz#91a14f0eba84066dfa015bf30e474c47f30bc858"
    integrity sha512-/QPc6G2NS+8d4L/cQhbk6Yit1WTB6Us2g84A7A/1+w9d/eRGHyEqC5kkQtHVoHZ5NFWGG7tUGgrhVZwgZanKrQ==
    dependencies:
      babel-runtime "^6.23.0"
  
  performance-now@^2.1.0:
    version "2.1.0"
    resolved "http://mirrors.tencent.com/npm/performance-now/-/performance-now-2.1.0.tgz#6309f4e0e5fa913ec1c69307ae364b4b377c9e7b"
    integrity sha1-Ywn04OX6kT7BxpMHrjZLSzd8nns=
  
  qs@^6.9.1:
    version "6.10.1"
    resolved "http://mirrors.tencent.com/npm/qs/-/qs-6.10.1.tgz#4931482fa8d647a5aab799c5271d2133b981fb6a"
    integrity sha512-M528Hph6wsSVOBiYUnGf+K/7w0hNshs/duGsNXPUCLH5XAqjEtiPGwNONLV0tBH8NoGb0mvD5JubnUTrujKDTg==
    dependencies:
      side-channel "^1.0.4"
  
  raf@^3.4.0:
    version "3.4.1"
    resolved "http://mirrors.tencent.com/npm/raf/-/raf-3.4.1.tgz#0742e99a4a6552f445d73e3ee0328af0ff1ede39"
    integrity sha512-Sq4CW4QhwOHE8ucn6J34MqtZCeWFP2aQSmrlroYgqAV1PjStIhJXxYuTgUIfkEk7zTLjmIjLmU5q+fbD1NnOJA==
    dependencies:
      performance-now "^2.1.0"
  
  regenerator-runtime@^0.11.0:
    version "0.11.1"
    resolved "http://mirrors.tencent.com/npm/regenerator-runtime/-/regenerator-runtime-0.11.1.tgz#be05ad7f9bf7d22e056f9726cee5017fbf19e2e9"
    integrity sha512-MguG95oij0fC3QV3URf4V2SDYGJhJnJGqvIIgdECeODCT98wSWDAJ94SSuVpYQUoTcGUIL6L4yNB7j1DFFHSBg==
  
  resize-observer-lite@^0.2.3:
    version "0.2.3"
    resolved "http://mirrors.tencent.com/npm/resize-observer-lite/-/resize-observer-lite-0.2.3.tgz#b557f378e2ce9b9aab1dc71a91047bd7ed1d8915"
    integrity sha512-k/p+pjCTQkQ7x94bWsxcVwEJI5SrcO95j7czrCKMpHjXFQ+HmKRGLTdAkZoL3+wG1Pe/4L9Sl652zy9lU54dFg==
    dependencies:
      element-resize-detector "1.1.13"
  
  resize-observer-polyfill@^1.5.1:
    version "1.5.1"
    resolved "http://mirrors.tencent.com/npm/resize-observer-polyfill/-/resize-observer-polyfill-1.5.1.tgz#0e9020dd3d21024458d4ebd27e23e40269810464"
    integrity sha512-LwZrotdHOo12nQuZlHEmtuXdqGoOD0OhaxopaNFxWzInpEgaLWoVuAMbTzixuosCx2nEG58ngzW3vxdWoxIgdg==
  
  "safer-buffer@>= 2.1.2 < 3.0.0":
    version "2.1.2"
    resolved "http://mirrors.tencent.com/npm/safer-buffer/-/safer-buffer-2.1.2.tgz#44fa161b0187b9549dd84bb91802f9bd8385cd6a"
    integrity sha512-YZo3K82SD7Riyi0E1EQPojLz7kpepnSQI9IyPbHHg1XXXevb5dJI7tpyN2ADxGcQbHG7vcyRHk0cbwqcQriUtg==
  
  shallow-equal@^1.0.0:
    version "1.2.1"
    resolved "http://mirrors.tencent.com/npm/shallow-equal/-/shallow-equal-1.2.1.tgz#4c16abfa56043aa20d050324efa68940b0da79da"
    integrity sha512-S4vJDjHHMBaiZuT9NPb616CSmLf618jawtv3sufLl6ivK8WocjAo58cXwbRV1cgqxH0Qbv+iUt6m05eqEa2IRA==
  
  shallowequal@^1.0.2:
    version "1.1.0"
    resolved "http://mirrors.tencent.com/npm/shallowequal/-/shallowequal-1.1.0.tgz#188d521de95b9087404fd4dcb68b13df0ae4e7f8"
    integrity sha512-y0m1JoUZSlPAjXVtPPW70aZWfIL/dSP7AFkRnniLCrK/8MDKog3TySTBmckD+RObVxH0v4Tox67+F14PdED2oQ==
  
  side-channel@^1.0.4:
    version "1.0.4"
    resolved "http://mirrors.tencent.com/npm/side-channel/-/side-channel-1.0.4.tgz#efce5c8fdc104ee751b25c58d4290011fa5ea2cf"
    integrity sha512-q5XPytqFEIKHkGdiMIrY10mvLRvnQh42/+GoBlFW3b2LXLE2xxJpZFdm94we0BaoV3RwJyGqg5wS7epxTv0Zvw==
    dependencies:
      call-bind "^1.0.0"
      get-intrinsic "^1.0.2"
      object-inspect "^1.9.0"
  
  string-convert@^0.2.0:
    version "0.2.1"
    resolved "http://mirrors.tencent.com/npm/string-convert/-/string-convert-0.2.1.tgz#6982cc3049fbb4cd85f8b24568b9d9bf39eeff97"
    integrity sha1-aYLMMEn7tM2F+LJFaLnZvznu/5c=
  
  tinycolor2@^1.4.1:
    version "1.4.2"
    resolved "http://mirrors.tencent.com/npm/tinycolor2/-/tinycolor2-1.4.2.tgz#3f6a4d1071ad07676d7fa472e1fac40a719d8803"
    integrity sha512-vJhccZPs965sV/L2sU4oRQVAos0pQXwsvTLkWYdqJ+a8Q5kPFzJTuOFwy7UniPli44NKQGAglksjvOcpo95aZA==
  
  toggle-selection@^1.0.6:
    version "1.0.6"
    resolved "http://mirrors.tencent.com/npm/toggle-selection/-/toggle-selection-1.0.6.tgz#6e45b1263f2017fa0acc7d89d78b15b8bf77da32"
    integrity sha1-bkWxJj8gF/oKzH2J14sVuL932jI=
  
  umi-request@^1.2.11:
    version "1.3.9"
    resolved "http://mirrors.tencent.com/npm/umi-request/-/umi-request-1.3.9.tgz#e745edc22e1eb83e9e8d02334a6d1ebae20b025e"
    integrity sha512-vjm8N1PDP8r3oG2MqUw69luRP4X8ucwIGeEpzbBGpjLy6s/WH9LOgcTxw7ferwn3u4IXqOVawSaGHUrI17blVA==
    dependencies:
      isomorphic-fetch "^2.2.1"
      qs "^6.9.1"
  
  vue-container-query@^0.1.0:
    version "0.1.0"
    resolved "http://mirrors.tencent.com/npm/vue-container-query/-/vue-container-query-0.1.0.tgz#8210b49388f2350aa4afda92df5caca18ff220a1"
    integrity sha512-WPXn/x1xE5NoCJIHDL919ELln6ZUpsJJBgxuR5tJWfvfxy6zT4Tm4iOhaVmSomtdPzdo9edeMrPXl4e/9MUhfA==
    dependencies:
      container-query-toolkit "^0.1.3"
      resize-observer-lite "^0.2.3"
      vue "^2.5.17"
  
  vue-copy-to-clipboard@^1.0.3:
    version "1.0.3"
    resolved "http://mirrors.tencent.com/npm/vue-copy-to-clipboard/-/vue-copy-to-clipboard-1.0.3.tgz#b415302b343b9185add4fc579c0721a16c8e65ac"
    integrity sha512-FSgewqG+2NwNsAnKOZqZ6GZqNvrbauVh/Y5z+xkbu9AmFqiWlQLKaFc+7BcsYCVZ2TaQnhjcHbDycVRVGFJypQ==
    dependencies:
      copy-to-clipboard "^3.3.1"
  
  vue-ref@^2.0.0:
    version "2.0.0"
    resolved "http://mirrors.tencent.com/npm/vue-ref/-/vue-ref-2.0.0.tgz#483084d732abed11da796778a8266a3af0ea1a9c"
    integrity sha512-uKNKpFOVeWNqS2mrBZqnpLyXJo5Q+vnkex6JvpENvhXHFNBW/SJTP8vJywLuVT3DpxwXcF9N0dyIiZ4/NpTexQ==
  
  vue@^2.5.17:
    version "2.6.14"
    resolved "http://mirrors.tencent.com/npm/vue/-/vue-2.6.14.tgz#e51aa5250250d569a3fbad3a8a5a687d6036e235"
    integrity sha512-x2284lgYvjOMj3Za7kqzRcUSxBboHqtgRE2zlos1qWaOye5yUmHn42LB1250NJBLRwEcdrB0JRwyPTEPhfQjiQ==
  
  warning@^4.0.0:
    version "4.0.3"
    resolved "http://mirrors.tencent.com/npm/warning/-/warning-4.0.3.tgz#16e9e077eb8a86d6af7d64aa1e05fd85b4678ca3"
    integrity sha512-rpJyN222KWIvHJ/F53XSZv0Zl/accqHR8et1kpaMTD/fLCRxtV8iX8czMzY7sVZupTI3zcUTg8eycS2kNF9l6w==
    dependencies:
      loose-envify "^1.0.0"
  
  whatwg-fetch@>=0.10.0:
    version "3.6.2"
    resolved "http://mirrors.tencent.com/npm/whatwg-fetch/-/whatwg-fetch-3.6.2.tgz#dced24f37f2624ed0281725d51d0e2e3fe677f8c"
    integrity sha512-bJlen0FcuU/0EMLrdbJ7zOnW6ITZLrZMIarMUVmdKtsGvZna8vxKYaexICWPfZ8qwf9fzNq+UEIZrnSaApt6RA==
